<?xml version="1.0" encoding="UTF-8"?>
<testsuite xmlns:xsi="http://www.w3.org/2001/XMLSchema-instance" xsi:noNamespaceSchemaLocation="https://maven.apache.org/surefire/maven-surefire-plugin/xsd/surefire-test-report-3.0.xsd" version="3.0" name="com.iot.ingestion.controller.TelemetryControllerTest" time="3.693" tests="4" errors="0" skipped="0" failures="0">
  <properties>
[...]
</properties>
  <testcase name="healthCheckShouldReturnOk" classname="com.iot.ingestion.controller.TelemetryControllerTest" time="0.194">
    <system-out><![CDATA[05:38:06.744 [main] INFO org.springframework.test.context.support.AnnotationConfigContextLoaderUtils -- Could not detect default configuration classes for test class [com.iot.ingestion.controller.TelemetryControllerTest]: TelemetryControllerTest does not declare any static, non-private, non-final, nested classes annotated with @Configuration.
05:38:06.915 [main] INFO org.springframework.boot.test.context.SpringBootTestContextBootstrapper -- Found @SpringBootConfiguration com.iot.ingestion.IngestionApplication for test class com.iot.ingestion.controller.TelemetryControllerTest

  .   ____          _            __ _ _
 /\\ / ___'_ __ _ _(_)_ __  __ _ \ \ \ \
( ( )\___ | '_ | '_| | '_ \/ _` | \ \ \ \
 \\/  ___)| |_)| | | | | || (_| |  ) ) ) )
  '  |____| .__|_| |_|_| |_\__, | / / / /
 =========|_|==============|___/=/_/_/_/
 :: Spring Boot ::                (v3.2.0)

2025-12-22 05:38:07.399 [main] INFO  c.i.i.c.TelemetryControllerTest - Starting TelemetryControllerTest using Java 17.0.17 with PID 59096 (started by zperson in /home/zperson/iot-analytics/services/ingestion)
2025-12-22 05:38:07.400 [main] DEBUG c.i.i.c.TelemetryControllerTest - Running with Spring Boot v3.2.0, Spring v6.1.1
2025-12-22 05:38:07.401 [main] INFO  c.i.i.c.TelemetryControllerTest - No active profile set, falling back to 1 default profile: "default"
2025-12-22 05:38:09.769 [main] INFO  c.i.i.c.TelemetryControllerTest - Started TelemetryControllerTest in 2.775 seconds (process running for 3.912)
]]></system-out>
  </testcase>
  <testcase name="shouldAcceptValidTelemetry" classname="com.iot.ingestion.controller.TelemetryControllerTest" time="0.263">
    <system-out><![CDATA[2025-12-22 05:38:10.188 [parallel-2] DEBUG c.i.i.controller.TelemetryController - Received telemetry: device=cnc-001, sensor=temp-01, type=TEMPERATURE
]]></system-out>
  </testcase>
  <testcase name="shouldRejectInvalidDeviceType" classname="com.iot.ingestion.controller.TelemetryControllerTest" time="0.028">
    <system-out><![CDATA[2025-12-22 05:38:10.266 [parallel-3] WARN  c.i.i.e.GlobalExceptionHandler - Failed to read request for /api/v1/telemetry: Cannot construct instance of `com.iot.common.model.DeviceType`, problem: Unknown device type: invalid_type
 at [Source: (org.springframework.core.io.buffer.DataBufferInputStream); line: 3, column: 19] (through reference chain: com.iot.common.dto.telemetry.TelemetryRequest["deviceType"])
]]></system-out>
  </testcase>
  <testcase name="shouldRejectMissingFields" classname="com.iot.ingestion.controller.TelemetryControllerTest" time="0.024">
    <system-out><![CDATA[2025-12-22 05:38:10.298 [parallel-4] WARN  c.i.i.e.GlobalExceptionHandler - Validation failed for /api/v1/telemetry: [value: Value is required, sensorId: Sensor ID is required, deviceType: Device type is required, timestamp: Timestamp is required, sensorType: Sensor type is required]
]]></system-out>
  </testcase>
</testsuite>